<?xml version="1.0" encoding="UTF-8"?>
<robot generator="Robot 3.2.1 (Python 3.8.2 on win32)" generated="20200611 10:55:03.025" rpa="false">
<suite id="s1" name="Effect" source="D:\robot_framework_tutorial\effect.robot">
<test id="s1-t1" name="1.Open Website">
<kw name="Open Browser" library="Selenium2Library">
<doc>Opens a new browser instance to the optional ``url``.</doc>
<arguments>
<arg>http://tympanus.net/Development/PageLoadingEffects/</arg>
<arg>gc</arg>
</arguments>
<msg timestamp="20200611 10:55:04.097" level="INFO">Opening browser 'gc' to base url 'http://tympanus.net/Development/PageLoadingEffects/'.</msg>
<status status="PASS" starttime="20200611 10:55:04.097" endtime="20200611 10:55:12.472"></status>
</kw>
<kw name="Set Selenium Speed" library="Selenium2Library">
<doc>Sets the delay that is waited after each Selenium command.</doc>
<arguments>
<arg>0.3</arg>
</arguments>
<status status="PASS" starttime="20200611 10:55:12.473" endtime="20200611 10:55:12.473"></status>
</kw>
<kw name="Maximize Browser Window" library="Selenium2Library">
<doc>Maximizes current browser window.</doc>
<status status="PASS" starttime="20200611 10:55:12.474" endtime="20200611 10:55:14.910"></status>
</kw>
<kw name="Click Element" library="Selenium2Library">
<doc>Click the element identified by ``locator``.</doc>
<arguments>
<arg>//a[@class="pageload-link"][text()="Show Page Loader"]</arg>
</arguments>
<msg timestamp="20200611 10:55:14.911" level="INFO">Clicking element '//a[@class="pageload-link"][text()="Show Page Loader"]'.</msg>
<status status="PASS" starttime="20200611 10:55:14.911" endtime="20200611 10:55:15.604"></status>
</kw>
<kw name="Wait Until Page Contains Element" library="Selenium2Library">
<doc>Waits until the element ``locator`` appears on the current page.</doc>
<arguments>
<arg>//div[@class="pageload-overlay"]</arg>
</arguments>
<status status="PASS" starttime="20200611 10:55:15.607" endtime="20200611 10:55:18.596"></status>
</kw>
<kw name="Click Element" library="Selenium2Library">
<doc>Click the element identified by ``locator``.</doc>
<arguments>
<arg>//a[@class="pageload-link"][text()="Go back"]</arg>
</arguments>
<msg timestamp="20200611 10:55:18.596" level="INFO">Clicking element '//a[@class="pageload-link"][text()="Go back"]'.</msg>
<status status="PASS" starttime="20200611 10:55:18.596" endtime="20200611 10:55:19.355"></status>
</kw>
<kw name="Click Element" library="Selenium2Library">
<doc>Click the element identified by ``locator``.</doc>
<arguments>
<arg>//a[@class="pageload-link"][text()="Show Page Loader"]</arg>
</arguments>
<msg timestamp="20200611 10:55:19.357" level="INFO">Clicking element '//a[@class="pageload-link"][text()="Show Page Loader"]'.</msg>
<kw name="Capture Page Screenshot" library="Selenium2Library">
<doc>Takes a screenshot of the current page and embeds it into a log file.</doc>
<msg timestamp="20200611 10:55:20.585" level="INFO" html="yes">&lt;/td&gt;&lt;/tr&gt;&lt;tr&gt;&lt;td colspan="3"&gt;&lt;a href="selenium-screenshot-51.png"&gt;&lt;img src="selenium-screenshot-51.png" width="800px"&gt;&lt;/a&gt;</msg>
<status status="PASS" starttime="20200611 10:55:19.729" endtime="20200611 10:55:20.585"></status>
</kw>
<msg timestamp="20200611 10:55:20.633" level="FAIL">ElementNotInteractableException: Message: element not interactable
  (Session info: chrome=83.0.4103.97)
</msg>
<status status="FAIL" starttime="20200611 10:55:19.356" endtime="20200611 10:55:20.633"></status>
</kw>
<status status="FAIL" starttime="20200611 10:55:04.095" endtime="20200611 10:55:20.637" critical="yes">ElementNotInteractableException: Message: element not interactable
  (Session info: chrome=83.0.4103.97)
</status>
</test>
<status status="FAIL" starttime="20200611 10:55:03.028" endtime="20200611 10:55:20.647"></status>
</suite>
<statistics>
<total>
<stat pass="0" fail="1">Critical Tests</stat>
<stat pass="0" fail="1">All Tests</stat>
</total>
<tag>
</tag>
<suite>
<stat pass="0" fail="1" id="s1" name="Effect">Effect</stat>
</suite>
</statistics>
<errors>
</errors>
</robot>
